[0.920s] Invoking command in '/root/assignment2/a2ros2ws/src/assignment2_ros2': PYTHONPATH=/root/assignment2/a2ros2ws/install/assignment2_ros2/lib/python3.8/site-packages:${PYTHONPATH} /usr/bin/python3 setup.py egg_info --egg-base ../../build/assignment2_ros2 build --build-base /root/assignment2/a2ros2ws/build/assignment2_ros2/build install --prefix /root/assignment2/a2ros2ws/install/assignment2_ros2 --record /root/assignment2/a2ros2ws/build/assignment2_ros2/install.log --single-version-externally-managed
[1.754s] running egg_info
[1.755s] creating ../../build/assignment2_ros2/assignment2_ros2.egg-info
[1.756s] writing ../../build/assignment2_ros2/assignment2_ros2.egg-info/PKG-INFO
[1.757s] writing dependency_links to ../../build/assignment2_ros2/assignment2_ros2.egg-info/dependency_links.txt
[1.758s] writing entry points to ../../build/assignment2_ros2/assignment2_ros2.egg-info/entry_points.txt
[1.759s] writing requirements to ../../build/assignment2_ros2/assignment2_ros2.egg-info/requires.txt
[1.759s] writing top-level names to ../../build/assignment2_ros2/assignment2_ros2.egg-info/top_level.txt
[1.763s] writing manifest file '../../build/assignment2_ros2/assignment2_ros2.egg-info/SOURCES.txt'
[1.878s] reading manifest file '../../build/assignment2_ros2/assignment2_ros2.egg-info/SOURCES.txt'
[1.881s] writing manifest file '../../build/assignment2_ros2/assignment2_ros2.egg-info/SOURCES.txt'
[1.881s] running build
[1.882s] running build_py
[1.883s] creating /root/assignment2/a2ros2ws/build/assignment2_ros2/build
[1.883s] creating /root/assignment2/a2ros2ws/build/assignment2_ros2/build/lib
[1.884s] creating /root/assignment2/a2ros2ws/build/assignment2_ros2/build/lib/assignment2_ros2
[1.885s] copying assignment2_ros2/generate_random_point_service.py -> /root/assignment2/a2ros2ws/build/assignment2_ros2/build/lib/assignment2_ros2
[1.886s] copying assignment2_ros2/move_robot_ui_client.py -> /root/assignment2/a2ros2ws/build/assignment2_ros2/build/lib/assignment2_ros2
[1.888s] copying assignment2_ros2/__init__.py -> /root/assignment2/a2ros2ws/build/assignment2_ros2/build/lib/assignment2_ros2
[1.889s] running install
[1.892s] running install_lib
[1.896s] creating /root/assignment2/a2ros2ws/install/assignment2_ros2/lib/python3.8/site-packages/assignment2_ros2
[1.896s] copying /root/assignment2/a2ros2ws/build/assignment2_ros2/build/lib/assignment2_ros2/generate_random_point_service.py -> /root/assignment2/a2ros2ws/install/assignment2_ros2/lib/python3.8/site-packages/assignment2_ros2
[1.897s] copying /root/assignment2/a2ros2ws/build/assignment2_ros2/build/lib/assignment2_ros2/move_robot_ui_client.py -> /root/assignment2/a2ros2ws/install/assignment2_ros2/lib/python3.8/site-packages/assignment2_ros2
[1.898s] copying /root/assignment2/a2ros2ws/build/assignment2_ros2/build/lib/assignment2_ros2/__init__.py -> /root/assignment2/a2ros2ws/install/assignment2_ros2/lib/python3.8/site-packages/assignment2_ros2
[1.900s] byte-compiling /root/assignment2/a2ros2ws/install/assignment2_ros2/lib/python3.8/site-packages/assignment2_ros2/generate_random_point_service.py to generate_random_point_service.cpython-38.pyc
[1.904s] byte-compiling /root/assignment2/a2ros2ws/install/assignment2_ros2/lib/python3.8/site-packages/assignment2_ros2/move_robot_ui_client.py to move_robot_ui_client.cpython-38.pyc
[1.906s] byte-compiling /root/assignment2/a2ros2ws/install/assignment2_ros2/lib/python3.8/site-packages/assignment2_ros2/__init__.py to __init__.cpython-38.pyc
[1.907s] running install_data
[1.908s] creating /root/assignment2/a2ros2ws/install/assignment2_ros2/share/ament_index
[1.909s] creating /root/assignment2/a2ros2ws/install/assignment2_ros2/share/ament_index/resource_index
[1.909s] creating /root/assignment2/a2ros2ws/install/assignment2_ros2/share/ament_index/resource_index/packages
[1.910s] copying resource/assignment2_ros2 -> /root/assignment2/a2ros2ws/install/assignment2_ros2/share/ament_index/resource_index/packages
[1.910s] copying package.xml -> /root/assignment2/a2ros2ws/install/assignment2_ros2/share/assignment2_ros2
[1.910s] running install_egg_info
[1.913s] Copying ../../build/assignment2_ros2/assignment2_ros2.egg-info to /root/assignment2/a2ros2ws/install/assignment2_ros2/lib/python3.8/site-packages/assignment2_ros2-0.0.0-py3.8.egg-info
[1.915s] running install_scripts
[1.960s] Installing service1 script to /root/assignment2/a2ros2ws/install/assignment2_ros2/lib/assignment2_ros2
[1.960s] Installing service2 script to /root/assignment2/a2ros2ws/install/assignment2_ros2/lib/assignment2_ros2
[1.961s] writing list of installed files to '/root/assignment2/a2ros2ws/build/assignment2_ros2/install.log'
[2.029s] Invoked command in '/root/assignment2/a2ros2ws/src/assignment2_ros2' returned '0': PYTHONPATH=/root/assignment2/a2ros2ws/install/assignment2_ros2/lib/python3.8/site-packages:${PYTHONPATH} /usr/bin/python3 setup.py egg_info --egg-base ../../build/assignment2_ros2 build --build-base /root/assignment2/a2ros2ws/build/assignment2_ros2/build install --prefix /root/assignment2/a2ros2ws/install/assignment2_ros2 --record /root/assignment2/a2ros2ws/build/assignment2_ros2/install.log --single-version-externally-managed
