[  2%] Built target assignment2_srv__cpp
[ 12%] Built target assignment2_srv__rosidl_generator_c
[ 23%] Built target assignment2_srv__rosidl_typesupport_fastrtps_cpp
[ 33%] Built target assignment2_srv__rosidl_typesupport_c
[ 43%] Built target assignment2_srv__rosidl_typesupport_fastrtps_c
[ 53%] Built target assignment2_srv__rosidl_typesupport_introspection_c
[ 64%] Built target assignment2_srv__rosidl_typesupport_cpp
[ 74%] Built target assignment2_srv__rosidl_typesupport_introspection_cpp
[ 74%] Built target assignment2_srv
[ 76%] Built target assignment2_srv__py
[ 84%] Built target assignment2_srv__python
[ 89%] Built target assignment2_srv__rosidl_typesupport_c__pyext
[ 94%] Built target assignment2_srv__rosidl_typesupport_introspection_c__pyext
[100%] Built target assignment2_srv__rosidl_typesupport_fastrtps_c__pyext
-- Install configuration: ""
-- Up-to-date: /root/assignment2/a2ros2ws/install/assignment2_srv/share/assignment2_srv/my_mapping_rules.yaml
-- Up-to-date: /root/assignment2/a2ros2ws/install/assignment2_srv/share/ament_index/resource_index/rosidl_interfaces/assignment2_srv
-- Up-to-date: /root/assignment2/a2ros2ws/install/assignment2_srv/include/assignment2_srv
-- Up-to-date: /root/assignment2/a2ros2ws/install/assignment2_srv/include/assignment2_srv/srv
-- Up-to-date: /root/assignment2/a2ros2ws/install/assignment2_srv/include/assignment2_srv/srv/generate_point.h
-- Up-to-date: /root/assignment2/a2ros2ws/install/assignment2_srv/include/assignment2_srv/srv/user_input.h
-- Up-to-date: /root/assignment2/a2ros2ws/install/assignment2_srv/include/assignment2_srv/srv/detail
-- Up-to-date: /root/assignment2/a2ros2ws/install/assignment2_srv/include/assignment2_srv/srv/detail/user_input__functions.c
-- Up-to-date: /root/assignment2/a2ros2ws/install/assignment2_srv/include/assignment2_srv/srv/detail/generate_point__functions.c
-- Up-to-date: /root/assignment2/a2ros2ws/install/assignment2_srv/include/assignment2_srv/srv/detail/user_input__struct.h
-- Up-to-date: /root/assignment2/a2ros2ws/install/assignment2_srv/include/assignment2_srv/srv/detail/user_input__type_support.h
-- Up-to-date: /root/assignment2/a2ros2ws/install/assignment2_srv/include/assignment2_srv/srv/detail/user_input__functions.h
-- Up-to-date: /root/assignment2/a2ros2ws/install/assignment2_srv/include/assignment2_srv/srv/detail/generate_point__type_support.h
-- Up-to-date: /root/assignment2/a2ros2ws/install/assignment2_srv/include/assignment2_srv/srv/detail/generate_point__functions.h
-- Up-to-date: /root/assignment2/a2ros2ws/install/assignment2_srv/include/assignment2_srv/srv/detail/generate_point__struct.h
-- Up-to-date: /root/assignment2/a2ros2ws/install/assignment2_srv/include/assignment2_srv/msg
-- Up-to-date: /root/assignment2/a2ros2ws/install/assignment2_srv/include/assignment2_srv/msg/rosidl_generator_c__visibility_control.h
-- Up-to-date: /root/assignment2/a2ros2ws/install/assignment2_srv/share/assignment2_srv/environment/library_path.sh
-- Up-to-date: /root/assignment2/a2ros2ws/install/assignment2_srv/share/assignment2_srv/environment/library_path.dsv
-- Up-to-date: /root/assignment2/a2ros2ws/install/assignment2_srv/lib/libassignment2_srv__rosidl_generator_c.so
-- Up-to-date: /root/assignment2/a2ros2ws/install/assignment2_srv/include/assignment2_srv
-- Up-to-date: /root/assignment2/a2ros2ws/install/assignment2_srv/include/assignment2_srv/srv
-- Up-to-date: /root/assignment2/a2ros2ws/install/assignment2_srv/include/assignment2_srv/srv/detail
-- Up-to-date: /root/assignment2/a2ros2ws/install/assignment2_srv/include/assignment2_srv/srv/detail/generate_point__rosidl_typesupport_fastrtps_c.h
-- Up-to-date: /root/assignment2/a2ros2ws/install/assignment2_srv/include/assignment2_srv/srv/detail/user_input__rosidl_typesupport_fastrtps_c.h
-- Up-to-date: /root/assignment2/a2ros2ws/install/assignment2_srv/include/assignment2_srv/msg
-- Up-to-date: /root/assignment2/a2ros2ws/install/assignment2_srv/include/assignment2_srv/msg/rosidl_typesupport_fastrtps_c__visibility_control.h
-- Up-to-date: /root/assignment2/a2ros2ws/install/assignment2_srv/lib/libassignment2_srv__rosidl_typesupport_fastrtps_c.so
-- Up-to-date: /root/assignment2/a2ros2ws/install/assignment2_srv/include/assignment2_srv
-- Up-to-date: /root/assignment2/a2ros2ws/install/assignment2_srv/include/assignment2_srv/srv
-- Up-to-date: /root/assignment2/a2ros2ws/install/assignment2_srv/include/assignment2_srv/srv/detail
-- Up-to-date: /root/assignment2/a2ros2ws/install/assignment2_srv/include/assignment2_srv/srv/detail/user_input__rosidl_typesupport_fastrtps_cpp.hpp
-- Up-to-date: /root/assignment2/a2ros2ws/install/assignment2_srv/include/assignment2_srv/srv/detail/dds_fastrtps
-- Up-to-date: /root/assignment2/a2ros2ws/install/assignment2_srv/include/assignment2_srv/srv/detail/generate_point__rosidl_typesupport_fastrtps_cpp.hpp
-- Up-to-date: /root/assignment2/a2ros2ws/install/assignment2_srv/include/assignment2_srv/msg
-- Up-to-date: /root/assignment2/a2ros2ws/install/assignment2_srv/include/assignment2_srv/msg/rosidl_typesupport_fastrtps_cpp__visibility_control.h
-- Up-to-date: /root/assignment2/a2ros2ws/install/assignment2_srv/lib/libassignment2_srv__rosidl_typesupport_fastrtps_cpp.so
-- Up-to-date: /root/assignment2/a2ros2ws/install/assignment2_srv/include/assignment2_srv
-- Up-to-date: /root/assignment2/a2ros2ws/install/assignment2_srv/include/assignment2_srv/srv
-- Up-to-date: /root/assignment2/a2ros2ws/install/assignment2_srv/include/assignment2_srv/srv/detail
-- Up-to-date: /root/assignment2/a2ros2ws/install/assignment2_srv/include/assignment2_srv/srv/detail/user_input__rosidl_typesupport_introspection_c.h
-- Up-to-date: /root/assignment2/a2ros2ws/install/assignment2_srv/include/assignment2_srv/srv/detail/generate_point__rosidl_typesupport_introspection_c.h
-- Up-to-date: /root/assignment2/a2ros2ws/install/assignment2_srv/include/assignment2_srv/srv/detail/user_input__type_support.c
-- Up-to-date: /root/assignment2/a2ros2ws/install/assignment2_srv/include/assignment2_srv/srv/detail/generate_point__type_support.c
-- Up-to-date: /root/assignment2/a2ros2ws/install/assignment2_srv/include/assignment2_srv/msg
-- Up-to-date: /root/assignment2/a2ros2ws/install/assignment2_srv/include/assignment2_srv/msg/rosidl_typesupport_introspection_c__visibility_control.h
-- Up-to-date: /root/assignment2/a2ros2ws/install/assignment2_srv/lib/libassignment2_srv__rosidl_typesupport_introspection_c.so
-- Up-to-date: /root/assignment2/a2ros2ws/install/assignment2_srv/lib/libassignment2_srv__rosidl_typesupport_c.so
-- Up-to-date: /root/assignment2/a2ros2ws/install/assignment2_srv/include/assignment2_srv
-- Up-to-date: /root/assignment2/a2ros2ws/install/assignment2_srv/include/assignment2_srv/srv
-- Up-to-date: /root/assignment2/a2ros2ws/install/assignment2_srv/include/assignment2_srv/srv/generate_point.hpp
-- Up-to-date: /root/assignment2/a2ros2ws/install/assignment2_srv/include/assignment2_srv/srv/user_input.hpp
-- Up-to-date: /root/assignment2/a2ros2ws/install/assignment2_srv/include/assignment2_srv/srv/detail
-- Up-to-date: /root/assignment2/a2ros2ws/install/assignment2_srv/include/assignment2_srv/srv/detail/user_input__traits.hpp
-- Up-to-date: /root/assignment2/a2ros2ws/install/assignment2_srv/include/assignment2_srv/srv/detail/generate_point__traits.hpp
-- Up-to-date: /root/assignment2/a2ros2ws/install/assignment2_srv/include/assignment2_srv/srv/detail/generate_point__builder.hpp
-- Up-to-date: /root/assignment2/a2ros2ws/install/assignment2_srv/include/assignment2_srv/srv/detail/user_input__struct.hpp
-- Up-to-date: /root/assignment2/a2ros2ws/install/assignment2_srv/include/assignment2_srv/srv/detail/user_input__builder.hpp
-- Up-to-date: /root/assignment2/a2ros2ws/install/assignment2_srv/include/assignment2_srv/srv/detail/generate_point__struct.hpp
-- Up-to-date: /root/assignment2/a2ros2ws/install/assignment2_srv/include/assignment2_srv
-- Up-to-date: /root/assignment2/a2ros2ws/install/assignment2_srv/include/assignment2_srv/srv
-- Up-to-date: /root/assignment2/a2ros2ws/install/assignment2_srv/include/assignment2_srv/srv/detail
-- Up-to-date: /root/assignment2/a2ros2ws/install/assignment2_srv/include/assignment2_srv/srv/detail/generate_point__type_support.cpp
-- Up-to-date: /root/assignment2/a2ros2ws/install/assignment2_srv/include/assignment2_srv/srv/detail/user_input__type_support.cpp
-- Up-to-date: /root/assignment2/a2ros2ws/install/assignment2_srv/include/assignment2_srv/srv/detail/user_input__rosidl_typesupport_introspection_cpp.hpp
-- Up-to-date: /root/assignment2/a2ros2ws/install/assignment2_srv/include/assignment2_srv/srv/detail/generate_point__rosidl_typesupport_introspection_cpp.hpp
-- Up-to-date: /root/assignment2/a2ros2ws/install/assignment2_srv/lib/libassignment2_srv__rosidl_typesupport_introspection_cpp.so
-- Up-to-date: /root/assignment2/a2ros2ws/install/assignment2_srv/lib/libassignment2_srv__rosidl_typesupport_cpp.so
-- Up-to-date: /root/assignment2/a2ros2ws/install/assignment2_srv/share/assignment2_srv/environment/pythonpath.sh
-- Up-to-date: /root/assignment2/a2ros2ws/install/assignment2_srv/share/assignment2_srv/environment/pythonpath.dsv
-- Up-to-date: /root/assignment2/a2ros2ws/install/assignment2_srv/lib/python3.8/site-packages/assignment2_srv/__init__.py
-- Up-to-date: /root/assignment2/a2ros2ws/install/assignment2_srv/lib/python3.8/site-packages/assignment2_srv/srv
-- Up-to-date: /root/assignment2/a2ros2ws/install/assignment2_srv/lib/python3.8/site-packages/assignment2_srv/srv/_user_input.py
-- Up-to-date: /root/assignment2/a2ros2ws/install/assignment2_srv/lib/python3.8/site-packages/assignment2_srv/srv/_generate_point_s.c
-- Up-to-date: /root/assignment2/a2ros2ws/install/assignment2_srv/lib/python3.8/site-packages/assignment2_srv/srv/_generate_point.py
-- Up-to-date: /root/assignment2/a2ros2ws/install/assignment2_srv/lib/python3.8/site-packages/assignment2_srv/srv/__init__.py
-- Up-to-date: /root/assignment2/a2ros2ws/install/assignment2_srv/lib/python3.8/site-packages/assignment2_srv/srv/_user_input_s.c
-- Up-to-date: /root/assignment2/a2ros2ws/install/assignment2_srv/lib/python3.8/site-packages/assignment2_srv/assignment2_srv_s__rosidl_typesupport_fastrtps_c.cpython-38-x86_64-linux-gnu.so
-- Up-to-date: /root/assignment2/a2ros2ws/install/assignment2_srv/lib/python3.8/site-packages/assignment2_srv/assignment2_srv_s__rosidl_typesupport_introspection_c.cpython-38-x86_64-linux-gnu.so
-- Up-to-date: /root/assignment2/a2ros2ws/install/assignment2_srv/lib/python3.8/site-packages/assignment2_srv/assignment2_srv_s__rosidl_typesupport_c.cpython-38-x86_64-linux-gnu.so
-- Up-to-date: /root/assignment2/a2ros2ws/install/assignment2_srv/lib/libassignment2_srv__python.so
-- Up-to-date: /root/assignment2/a2ros2ws/install/assignment2_srv/share/assignment2_srv/srv/GeneratePoint.idl
-- Up-to-date: /root/assignment2/a2ros2ws/install/assignment2_srv/share/assignment2_srv/srv/UserInput.idl
-- Up-to-date: /root/assignment2/a2ros2ws/install/assignment2_srv/share/assignment2_srv/srv/GeneratePoint.srv
-- Up-to-date: /root/assignment2/a2ros2ws/install/assignment2_srv/share/assignment2_srv/srv/GeneratePoint_Request.msg
-- Up-to-date: /root/assignment2/a2ros2ws/install/assignment2_srv/share/assignment2_srv/srv/GeneratePoint_Response.msg
-- Up-to-date: /root/assignment2/a2ros2ws/install/assignment2_srv/share/assignment2_srv/srv/UserInput.srv
-- Up-to-date: /root/assignment2/a2ros2ws/install/assignment2_srv/share/assignment2_srv/srv/UserInput_Request.msg
-- Up-to-date: /root/assignment2/a2ros2ws/install/assignment2_srv/share/assignment2_srv/srv/UserInput_Response.msg
-- Up-to-date: /root/assignment2/a2ros2ws/install/assignment2_srv/share/ament_index/resource_index/package_run_dependencies/assignment2_srv
-- Up-to-date: /root/assignment2/a2ros2ws/install/assignment2_srv/share/ament_index/resource_index/parent_prefix_path/assignment2_srv
-- Up-to-date: /root/assignment2/a2ros2ws/install/assignment2_srv/share/assignment2_srv/environment/ament_prefix_path.sh
-- Up-to-date: /root/assignment2/a2ros2ws/install/assignment2_srv/share/assignment2_srv/environment/ament_prefix_path.dsv
-- Up-to-date: /root/assignment2/a2ros2ws/install/assignment2_srv/share/assignment2_srv/environment/path.sh
-- Up-to-date: /root/assignment2/a2ros2ws/install/assignment2_srv/share/assignment2_srv/environment/path.dsv
-- Up-to-date: /root/assignment2/a2ros2ws/install/assignment2_srv/share/assignment2_srv/local_setup.bash
-- Up-to-date: /root/assignment2/a2ros2ws/install/assignment2_srv/share/assignment2_srv/local_setup.sh
-- Up-to-date: /root/assignment2/a2ros2ws/install/assignment2_srv/share/assignment2_srv/local_setup.zsh
-- Up-to-date: /root/assignment2/a2ros2ws/install/assignment2_srv/share/assignment2_srv/local_setup.dsv
-- Installing: /root/assignment2/a2ros2ws/install/assignment2_srv/share/assignment2_srv/package.dsv
-- Up-to-date: /root/assignment2/a2ros2ws/install/assignment2_srv/share/ament_index/resource_index/packages/assignment2_srv
-- Up-to-date: /root/assignment2/a2ros2ws/install/assignment2_srv/share/assignment2_srv/cmake/assignment2_srv__rosidl_generator_cExport.cmake
-- Up-to-date: /root/assignment2/a2ros2ws/install/assignment2_srv/share/assignment2_srv/cmake/assignment2_srv__rosidl_generator_cExport-noconfig.cmake
-- Up-to-date: /root/assignment2/a2ros2ws/install/assignment2_srv/share/assignment2_srv/cmake/assignment2_srv__rosidl_typesupport_introspection_cExport.cmake
-- Up-to-date: /root/assignment2/a2ros2ws/install/assignment2_srv/share/assignment2_srv/cmake/assignment2_srv__rosidl_typesupport_introspection_cExport-noconfig.cmake
-- Up-to-date: /root/assignment2/a2ros2ws/install/assignment2_srv/share/assignment2_srv/cmake/assignment2_srv__rosidl_typesupport_cExport.cmake
-- Up-to-date: /root/assignment2/a2ros2ws/install/assignment2_srv/share/assignment2_srv/cmake/assignment2_srv__rosidl_typesupport_cExport-noconfig.cmake
-- Up-to-date: /root/assignment2/a2ros2ws/install/assignment2_srv/share/assignment2_srv/cmake/assignment2_srv__rosidl_generator_cppExport.cmake
-- Up-to-date: /root/assignment2/a2ros2ws/install/assignment2_srv/share/assignment2_srv/cmake/assignment2_srv__rosidl_typesupport_introspection_cppExport.cmake
-- Up-to-date: /root/assignment2/a2ros2ws/install/assignment2_srv/share/assignment2_srv/cmake/assignment2_srv__rosidl_typesupport_introspection_cppExport-noconfig.cmake
-- Up-to-date: /root/assignment2/a2ros2ws/install/assignment2_srv/share/assignment2_srv/cmake/assignment2_srv__rosidl_typesupport_cppExport.cmake
-- Up-to-date: /root/assignment2/a2ros2ws/install/assignment2_srv/share/assignment2_srv/cmake/assignment2_srv__rosidl_typesupport_cppExport-noconfig.cmake
-- Up-to-date: /root/assignment2/a2ros2ws/install/assignment2_srv/share/assignment2_srv/cmake/rosidl_cmake-extras.cmake
-- Up-to-date: /root/assignment2/a2ros2ws/install/assignment2_srv/share/assignment2_srv/cmake/ament_cmake_export_dependencies-extras.cmake
-- Up-to-date: /root/assignment2/a2ros2ws/install/assignment2_srv/share/assignment2_srv/cmake/ament_cmake_export_libraries-extras.cmake
-- Up-to-date: /root/assignment2/a2ros2ws/install/assignment2_srv/share/assignment2_srv/cmake/ament_cmake_export_targets-extras.cmake
-- Up-to-date: /root/assignment2/a2ros2ws/install/assignment2_srv/share/assignment2_srv/cmake/ament_cmake_export_include_directories-extras.cmake
-- Up-to-date: /root/assignment2/a2ros2ws/install/assignment2_srv/share/assignment2_srv/cmake/rosidl_cmake_export_typesupport_libraries-extras.cmake
-- Up-to-date: /root/assignment2/a2ros2ws/install/assignment2_srv/share/assignment2_srv/cmake/rosidl_cmake_export_typesupport_targets-extras.cmake
-- Up-to-date: /root/assignment2/a2ros2ws/install/assignment2_srv/share/assignment2_srv/cmake/assignment2_srvConfig.cmake
-- Up-to-date: /root/assignment2/a2ros2ws/install/assignment2_srv/share/assignment2_srv/cmake/assignment2_srvConfig-version.cmake
-- Up-to-date: /root/assignment2/a2ros2ws/install/assignment2_srv/share/assignment2_srv/package.xml
